<?xml version="1.0" encoding="UTF-8"?>
<testng-results skipped="0" failed="0" total="9" passed="9">
  <reporter-output>
  </reporter-output>
  <suite name="Default suite" duration-ms="248673" started-at="2018-07-06T14:25:40Z" finished-at="2018-07-06T14:29:49Z">
    <groups>
    </groups>
    <test name="Default test" duration-ms="248673" started-at="2018-07-06T14:25:40Z" finished-at="2018-07-06T14:29:49Z">
      <class name="beneficiary.beneficiaryInformationSheet">
        <test-method status="PASS" signature="createOrganization()[pri:1, instance:beneficiary.beneficiaryInformationSheet@1d057a39]" name="createOrganization" duration-ms="31168" started-at="2018-07-06T19:55:40Z" finished-at="2018-07-06T19:56:11Z">
          <reporter-output>
          </reporter-output>
        </test-method> <!-- createOrganization -->
        <test-method status="PASS" signature="createPersonalInformation()[pri:2, instance:beneficiary.beneficiaryInformationSheet@1d057a39]" name="createPersonalInformation" duration-ms="26590" started-at="2018-07-06T19:56:11Z" finished-at="2018-07-06T19:56:38Z">
          <reporter-output>
          </reporter-output>
        </test-method> <!-- createPersonalInformation -->
        <test-method status="PASS" signature="createAddress()[pri:3, instance:beneficiary.beneficiaryInformationSheet@1d057a39]" name="createAddress" duration-ms="30053" started-at="2018-07-06T19:56:38Z" finished-at="2018-07-06T19:57:08Z">
          <reporter-output>
          </reporter-output>
        </test-method> <!-- createAddress -->
        <test-method status="PASS" signature="createQualification()[pri:4, instance:beneficiary.beneficiaryInformationSheet@1d057a39]" name="createQualification" duration-ms="23131" started-at="2018-07-06T19:57:08Z" finished-at="2018-07-06T19:57:31Z">
          <reporter-output>
          </reporter-output>
        </test-method> <!-- createQualification -->
        <test-method status="PASS" signature="createPassport1()[pri:5, instance:beneficiary.beneficiaryInformationSheet@1d057a39]" name="createPassport1" duration-ms="25278" started-at="2018-07-06T19:57:31Z" finished-at="2018-07-06T19:57:56Z">
          <reporter-output>
          </reporter-output>
        </test-method> <!-- createPassport1 -->
        <test-method status="PASS" signature="createWorkVisa()[pri:6, instance:beneficiary.beneficiaryInformationSheet@1d057a39]" name="createWorkVisa" duration-ms="32959" started-at="2018-07-06T19:57:56Z" finished-at="2018-07-06T19:58:29Z">
          <reporter-output>
          </reporter-output>
        </test-method> <!-- createWorkVisa -->
        <test-method status="PASS" signature="createTravel()[pri:7, instance:beneficiary.beneficiaryInformationSheet@1d057a39]" name="createTravel" duration-ms="28856" started-at="2018-07-06T19:58:29Z" finished-at="2018-07-06T19:58:58Z">
          <reporter-output>
          </reporter-output>
        </test-method> <!-- createTravel -->
        <test-method status="PASS" signature="createImmigration()[pri:8, instance:beneficiary.beneficiaryInformationSheet@1d057a39]" name="createImmigration" duration-ms="26929" started-at="2018-07-06T19:58:58Z" finished-at="2018-07-06T19:59:25Z">
          <reporter-output>
          </reporter-output>
        </test-method> <!-- createImmigration -->
        <test-method status="PASS" signature="createExperience()[pri:9, instance:beneficiary.beneficiaryInformationSheet@1d057a39]" name="createExperience" duration-ms="23690" started-at="2018-07-06T19:59:25Z" finished-at="2018-07-06T19:59:49Z">
          <reporter-output>
          </reporter-output>
        </test-method> <!-- createExperience -->
      </class> <!-- beneficiary.beneficiaryInformationSheet -->
    </test> <!-- Default test -->
  </suite> <!-- Default suite -->
</testng-results>
