<?xml version="1.0" encoding="UTF-8"?>
<!-- Generated by org.testng.reporters.JUnitXMLReporter -->
<testsuite hostname="rdsh11" name="sample" tests="9" failures="0" timestamp="5 Jul 2018 10:21:15 GMT" time="221.81" errors="0">
  <testcase name="addMasterLegalForm" time="26.046" classname="admin.SystemSettings"/>
  <testcase name="addAssignmentRole" time="21.081" classname="admin.SystemSettings"/>
  <testcase name="addAssignmentRole" time="18.437" classname="admin.SystemSettings"/>
  <testcase name="addImmigrationRole" time="20.794" classname="admin.SystemSettings"/>
  <testcase name="addImmigrationRole" time="18.371" classname="admin.SystemSettings"/>
  <testcase name="countryAssignmentRole" time="24.465" classname="admin.Configuration"/>
  <testcase name="countryImmigrationRole" time="32.061" classname="admin.Configuration"/>
  <testcase name="assignmentImmigrationRoleMapping" time="24.583" classname="admin.Configuration"/>
  <testcase name="countryTypeForm" time="27.019" classname="admin.Configuration"/>
</testsuite> <!-- sample -->
