<?xml version="1.0" encoding="UTF-8"?>
<!-- Generated by org.testng.reporters.JUnitXMLReporter -->
<testsuite hostname="rdsh11" name="Default test" tests="8" failures="0" timestamp="11 Jul 2018 12:12:32 GMT" time="225.15" errors="0">
  <testcase name="createOrganization" time="31.184" classname="beneficiary.beneficiaryInformationSheet"/>
  <testcase name="createPersonalInformation" time="26.374" classname="beneficiary.beneficiaryInformationSheet"/>
  <testcase name="createAddress" time="30.079" classname="beneficiary.beneficiaryInformationSheet"/>
  <testcase name="createPassport" time="25.262" classname="beneficiary.beneficiaryInformationSheet"/>
  <testcase name="createWorkVisa" time="32.692" classname="beneficiary.beneficiaryInformationSheet"/>
  <testcase name="createTravel" time="27.763" classname="beneficiary.beneficiaryInformationSheet"/>
  <testcase name="createImmigration" time="26.696" classname="beneficiary.beneficiaryInformationSheet"/>
  <testcase name="createExperience" time="24.754" classname="beneficiary.beneficiaryInformationSheet"/>
</testsuite> <!-- Default test -->
